[debug] [2019-07-27T16:22:30.494Z] ----------------------------------------------------------------------
[debug] [2019-07-27T16:22:30.498Z] Command:       C:\Program Files\nodejs\node.exe C:\Users\Tanisha Negi\AppData\Roaming\npm\node_modules\firebase-tools\lib\bin\firebase.js deploy
[debug] [2019-07-27T16:22:30.499Z] CLI Version:   7.2.1
[debug] [2019-07-27T16:22:30.500Z] Platform:      win32
[debug] [2019-07-27T16:22:30.500Z] Node Version:  v10.15.3
[debug] [2019-07-27T16:22:30.514Z] Time:          Sat Jul 27 2019 21:52:30 GMT+0530 (India Standard Time)
[debug] [2019-07-27T16:22:30.514Z] ----------------------------------------------------------------------
[debug] 
[debug] [2019-07-27T16:22:30.534Z] > command requires scopes: ["email","openid","https://www.googleapis.com/auth/cloudplatformprojects.readonly","https://www.googleapis.com/auth/firebase","https://www.googleapis.com/auth/cloud-platform"]
[debug] [2019-07-27T16:22:30.535Z] > authorizing via signed-in user
[debug] [2019-07-27T16:22:30.536Z] [iam] checking project expensify-1fac4 for permissions ["cloudfunctions.functions.create","cloudfunctions.functions.delete","cloudfunctions.functions.get","cloudfunctions.functions.list","cloudfunctions.functions.update","cloudfunctions.operations.get","datastore.indexes.create","datastore.indexes.delete","datastore.indexes.list","datastore.indexes.update","firebase.projects.get","firebasedatabase.instances.update","firebasehosting.sites.update","firebaserules.releases.create","firebaserules.releases.update","firebaserules.rulesets.create"]
[debug] [2019-07-27T16:22:30.539Z] >>> HTTP REQUEST POST https://cloudresourcemanager.googleapis.com/v1/projects/expensify-1fac4:testIamPermissions  

[debug] [2019-07-27T16:22:36.613Z] <<< HTTP RESPONSE 200
[debug] [2019-07-27T16:22:36.630Z] >>> HTTP REQUEST GET https://firebase.googleapis.com/v1beta1/projects/expensify-1fac4  
 
[debug] [2019-07-27T16:22:37.199Z] <<< HTTP RESPONSE 200
[info] 
[info] === Deploying to 'expensify-1fac4'...
[info] 
[info] i  deploying database, storage, firestore, functions, hosting
[info] Running command: npm --prefix "$RESOURCE_DIR" run lint
